
> reveal.js@5.1.0 start
> gulp serve

[18:22:55] Using gulpfile ~/python_course_2025/gulpfile.js
[18:22:55] Starting 'serve'...
[18:22:55] [32mStarting server...[39m
[18:22:55] [32mServer started http://localhost:8000[39m
[18:22:55] [32mLiveReload started on port 35729[39m
[18:22:55] [32mRunning server[39m
[18:23:22] Starting 'reload'...
[18:23:22] Finished 'reload' after 34 ms
[18:38:57] Starting 'reload'...
[18:38:57] Finished 'reload' after 22 ms
[18:38:58] Starting 'reload'...
[18:38:58] Finished 'reload' after 15 ms
[18:39:02] Starting 'reload'...
[18:39:02] Finished 'reload' after 5.83 ms
[18:39:23] Starting 'reload'...
[18:39:24] Finished 'reload' after 11 ms

> reveal.js@5.1.0 start
> gulp serve

[24:54:00] Using gulpfile ~/python_course_2025/gulpfile.js
[24:54:00] Starting 'serve'...
[00:54:00] [32mStarting server...[39m
[00:54:00] [32mServer started http://localhost:8000[39m
[00:54:00] [32mLiveReload started on port 35729[39m
[00:54:00] [32mRunning server[39m
[24:54:50] Starting 'reload'...
[24:54:50] Finished 'reload' after 20 ms
[24:54:52] Starting 'reload'...
[24:54:52] Finished 'reload' after 6.49 ms
[24:55:19] Starting 'reload'...
[24:55:19] Finished 'reload' after 7.68 ms
[24:55:23] Starting 'reload'...
[24:55:23] Finished 'reload' after 12 ms
[24:55:27] Starting 'reload'...
[24:55:27] Finished 'reload' after 13 ms
[24:55:30] Starting 'reload'...
[24:55:30] Finished 'reload' after 17 ms
[24:55:31] Starting 'reload'...
[24:55:31] Finished 'reload' after 4.19 ms
[24:55:47] Starting 'reload'...
[24:55:47] Finished 'reload' after 8.95 ms
[24:56:10] Starting 'reload'...
[24:56:10] Finished 'reload' after 12 ms
[24:56:12] Starting 'reload'...
[24:56:13] Finished 'reload' after 14 ms
[24:56:15] Starting 'reload'...
[24:56:15] Finished 'reload' after 8.91 ms
[24:56:18] Starting 'reload'...
[24:56:18] Finished 'reload' after 9.41 ms
[24:56:27] Starting 'reload'...
[24:56:27] Finished 'reload' after 8.45 ms
[24:56:56] Starting 'reload'...
[24:56:56] Finished 'reload' after 12 ms
[24:56:58] Starting 'reload'...
[24:56:58] Finished 'reload' after 6.69 ms
[24:57:07] Starting 'reload'...
[24:57:07] Finished 'reload' after 11 ms
[24:57:08] Starting 'reload'...
[24:57:08] Finished 'reload' after 8.49 ms
[24:57:21] Starting 'reload'...
[24:57:21] Finished 'reload' after 7.3 ms
[24:57:23] Starting 'reload'...
[24:57:23] Finished 'reload' after 5.67 ms
[24:57:29] Starting 'reload'...
[24:57:29] Finished 'reload' after 6.74 ms
[24:57:30] Starting 'reload'...
[24:57:30] Finished 'reload' after 6.35 ms
[24:57:37] Starting 'reload'...
[24:57:37] Finished 'reload' after 4.16 ms
[24:57:39] Starting 'reload'...
[24:57:39] Finished 'reload' after 5.94 ms
[24:57:50] Starting 'reload'...
[24:57:50] Finished 'reload' after 13 ms
[24:57:52] Starting 'reload'...
[24:57:52] Finished 'reload' after 7.54 ms
[24:57:58] Starting 'reload'...
[24:57:58] Finished 'reload' after 13 ms
[24:58:18] Starting 'reload'...
[24:58:18] Finished 'reload' after 9.54 ms
[24:58:21] Starting 'reload'...
[24:58:21] Finished 'reload' after 5.87 ms
[24:58:35] Starting 'reload'...
[24:58:35] Finished 'reload' after 12 ms
[24:58:38] Starting 'reload'...
[24:58:38] Finished 'reload' after 13 ms
[24:58:42] Starting 'reload'...
[24:58:42] Finished 'reload' after 9.02 ms
[24:58:55] Starting 'reload'...
[24:58:55] Finished 'reload' after 6.06 ms
[24:58:59] Starting 'reload'...
[24:58:59] Finished 'reload' after 12 ms
[24:59:03] Starting 'reload'...
[24:59:03] Finished 'reload' after 5.48 ms
[24:59:16] Starting 'reload'...
[24:59:16] Finished 'reload' after 4.96 ms
[24:59:29] Starting 'reload'...
[24:59:29] Finished 'reload' after 10 ms
[24:59:32] Starting 'reload'...
[24:59:32] Finished 'reload' after 9.66 ms
[24:59:35] Starting 'reload'...
[24:59:35] Finished 'reload' after 6.71 ms
[24:59:40] Starting 'reload'...
[24:59:40] Finished 'reload' after 12 ms
[24:59:45] Starting 'reload'...
[24:59:45] Finished 'reload' after 6.31 ms
[24:59:55] Starting 'reload'...
[24:59:55] Finished 'reload' after 8.93 ms
[01:01:49] Starting 'reload'...
[01:01:49] Finished 'reload' after 16 ms
[01:01:51] Starting 'reload'...
[01:01:51] Finished 'reload' after 8.96 ms
[01:01:53] Starting 'reload'...
[01:01:53] Finished 'reload' after 4.77 ms
[01:01:55] Starting 'reload'...
[01:01:55] Finished 'reload' after 4.62 ms
[01:01:56] Starting 'reload'...
[01:01:56] Finished 'reload' after 9.89 ms
[01:01:58] Starting 'reload'...
[01:01:58] Finished 'reload' after 17 ms
[01:01:59] Starting 'reload'...
[01:01:59] Finished 'reload' after 7.87 ms
[01:02:06] Starting 'reload'...
[01:02:06] Finished 'reload' after 3.77 ms
[01:02:07] Starting 'reload'...
[01:02:07] Finished 'reload' after 8.24 ms
[01:02:11] Starting 'reload'...
[01:02:11] Finished 'reload' after 11 ms
[01:02:20] Starting 'reload'...
[01:02:20] Finished 'reload' after 5.63 ms
[01:02:26] Starting 'reload'...
[01:02:26] Finished 'reload' after 11 ms
[01:02:28] Starting 'reload'...
[01:02:28] Finished 'reload' after 6.77 ms
[01:02:29] Starting 'reload'...
[01:02:29] Finished 'reload' after 11 ms
[01:02:33] Starting 'reload'...
[01:02:33] Finished 'reload' after 4.93 ms
[01:02:41] Starting 'reload'...
[01:02:41] Finished 'reload' after 5.59 ms
[01:02:45] Starting 'reload'...
[01:02:45] Finished 'reload' after 8 ms
[01:02:50] Starting 'reload'...
[01:02:50] Finished 'reload' after 13 ms
[01:02:57] Starting 'reload'...
[01:02:57] Finished 'reload' after 22 ms
[01:03:09] Starting 'reload'...
[01:03:09] Finished 'reload' after 6.94 ms
[01:03:10] Starting 'reload'...
[01:03:11] Finished 'reload' after 6.75 ms
[01:03:13] Starting 'reload'...
[01:03:13] Finished 'reload' after 9.4 ms
[01:03:15] Starting 'reload'...
[01:03:15] Finished 'reload' after 11 ms
[01:03:20] Starting 'reload'...
[01:03:20] Finished 'reload' after 9.34 ms
[01:03:23] Starting 'reload'...
[01:03:23] Finished 'reload' after 8.49 ms
[01:03:25] Starting 'reload'...
[01:03:25] Finished 'reload' after 8.47 ms
[01:03:29] Starting 'reload'...
[01:03:29] Finished 'reload' after 10 ms
[01:05:59] Starting 'reload'...
[01:05:59] Finished 'reload' after 8.09 ms
[01:06:03] Starting 'reload'...
[01:06:03] Finished 'reload' after 9.26 ms
[01:06:08] Starting 'reload'...
[01:06:08] Finished 'reload' after 12 ms
[01:06:09] Starting 'reload'...
[01:06:09] Finished 'reload' after 11 ms
[01:06:14] Starting 'reload'...
[01:06:14] Finished 'reload' after 8.93 ms
[01:06:16] Starting 'reload'...
[01:06:16] Finished 'reload' after 14 ms
[01:06:17] Starting 'reload'...
[01:06:17] Finished 'reload' after 9.12 ms
[01:08:29] Starting 'reload'...
[01:08:29] Finished 'reload' after 6.57 ms
[01:08:33] Starting 'reload'...
[01:08:33] Finished 'reload' after 9.18 ms
[01:08:38] Starting 'reload'...
[01:08:38] Finished 'reload' after 9.34 ms
[01:08:50] Starting 'reload'...
[01:08:50] Finished 'reload' after 20 ms
[01:09:31] Starting 'reload'...
[01:09:31] Finished 'reload' after 20 ms
[01:09:32] Starting 'reload'...
[01:09:33] Finished 'reload' after 32 ms
[01:09:35] Starting 'reload'...
[01:09:35] Finished 'reload' after 8.5 ms
[01:09:39] Starting 'reload'...
[01:09:39] Finished 'reload' after 8.06 ms
[01:09:44] Starting 'reload'...
[01:09:44] Finished 'reload' after 8.75 ms
[01:09:48] Starting 'reload'...
[01:09:48] Finished 'reload' after 6.3 ms
[01:10:03] Starting 'reload'...
[01:10:03] Finished 'reload' after 8.68 ms
[01:10:32] Starting 'reload'...
[01:10:32] Finished 'reload' after 7.19 ms
[01:10:35] Starting 'reload'...
[01:10:35] Finished 'reload' after 11 ms
[01:10:58] Starting 'reload'...
[01:10:58] Finished 'reload' after 5.03 ms
[01:11:03] Starting 'reload'...
[01:11:04] Finished 'reload' after 16 ms
[01:11:10] Starting 'reload'...
[01:11:10] Finished 'reload' after 6.49 ms
[01:11:50] Starting 'reload'...
[01:11:50] Finished 'reload' after 6.23 ms
[01:14:23] Starting 'reload'...
[01:14:23] Finished 'reload' after 12 ms
[01:14:26] Starting 'reload'...
[01:14:26] Finished 'reload' after 19 ms
[01:14:32] Starting 'reload'...
[01:14:32] Finished 'reload' after 12 ms
[01:14:41] Starting 'reload'...
[01:14:41] Finished 'reload' after 11 ms
[01:14:48] Starting 'reload'...
[01:14:48] Finished 'reload' after 14 ms
[01:14:50] Starting 'reload'...
[01:14:50] Finished 'reload' after 10 ms
[01:15:15] Starting 'reload'...
[01:15:15] Finished 'reload' after 5.66 ms
[01:15:18] Starting 'reload'...
[01:15:18] Finished 'reload' after 16 ms
[01:17:50] Starting 'reload'...
[01:17:50] Finished 'reload' after 15 ms
[01:18:40] Starting 'reload'...
[01:18:40] Finished 'reload' after 5.33 ms
[01:18:47] Starting 'reload'...
[01:18:47] Finished 'reload' after 13 ms
[01:19:00] Starting 'reload'...
[01:19:00] Finished 'reload' after 7.22 ms
[01:19:04] Starting 'reload'...
[01:19:04] Finished 'reload' after 14 ms
[01:19:08] Starting 'reload'...
[01:19:08] Finished 'reload' after 5.47 ms
[01:19:57] Starting 'reload'...
[01:19:57] Finished 'reload' after 11 ms
[01:23:09] Starting 'reload'...
[01:23:09] Finished 'reload' after 17 ms
[01:23:15] Starting 'reload'...
[01:23:15] Finished 'reload' after 15 ms
[01:23:16] Starting 'reload'...
[01:23:16] Finished 'reload' after 4.44 ms
[01:23:18] Starting 'reload'...
[01:23:18] Finished 'reload' after 12 ms
[01:23:21] Starting 'reload'...
[01:23:21] Finished 'reload' after 13 ms
[01:23:22] Starting 'reload'...
[01:23:22] Finished 'reload' after 12 ms
[01:23:27] Starting 'reload'...
[01:23:27] Finished 'reload' after 10 ms
[01:23:32] Starting 'reload'...
[01:23:32] Finished 'reload' after 6.52 ms
[01:23:37] Starting 'reload'...
[01:23:37] Finished 'reload' after 8.9 ms
[01:23:41] Starting 'reload'...
[01:23:41] Finished 'reload' after 8.26 ms
[01:23:43] Starting 'reload'...
[01:23:43] Finished 'reload' after 8.45 ms
[01:23:44] Starting 'reload'...
[01:23:44] Finished 'reload' after 9.98 ms
[01:23:47] Starting 'reload'...
[01:23:47] Finished 'reload' after 8.15 ms
[01:23:53] Starting 'reload'...
[01:23:53] Finished 'reload' after 9.04 ms
[01:24:04] Starting 'reload'...
[01:24:04] Finished 'reload' after 3.35 ms
[01:24:05] Starting 'reload'...
[01:24:05] Finished 'reload' after 13 ms
[01:24:23] Starting 'reload'...
[01:24:23] Finished 'reload' after 12 ms
[01:24:29] Starting 'reload'...
[01:24:29] Finished 'reload' after 15 ms
[01:24:30] Starting 'reload'...
[01:24:30] Finished 'reload' after 8.39 ms
[01:24:37] Starting 'reload'...
[01:24:37] Finished 'reload' after 9.12 ms
[01:24:41] Starting 'reload'...
[01:24:41] Finished 'reload' after 9.92 ms
[01:24:47] Starting 'reload'...
[01:24:47] Finished 'reload' after 4.28 ms
[01:24:49] Starting 'reload'...
[01:24:49] Finished 'reload' after 11 ms
[01:24:51] Starting 'reload'...
[01:24:51] Finished 'reload' after 9.01 ms
[01:25:02] Starting 'reload'...
[01:25:02] Finished 'reload' after 8.14 ms
[01:25:06] Starting 'reload'...
[01:25:06] Finished 'reload' after 11 ms
[01:25:15] Starting 'reload'...
[01:25:15] Finished 'reload' after 7.84 ms
[01:25:23] Starting 'reload'...
[01:25:23] Finished 'reload' after 14 ms
[01:25:26] Starting 'reload'...
[01:25:26] Finished 'reload' after 10 ms
[01:27:43] Starting 'reload'...
[01:27:43] Finished 'reload' after 13 ms
[01:27:46] Starting 'reload'...
[01:27:46] Finished 'reload' after 10 ms
[01:27:48] Starting 'reload'...
[01:27:48] Finished 'reload' after 12 ms
[01:27:50] Starting 'reload'...
[01:27:50] Finished 'reload' after 7.38 ms
[01:27:55] Starting 'reload'...
[01:27:55] Finished 'reload' after 5.08 ms
[01:27:59] Starting 'reload'...
[01:27:59] Finished 'reload' after 10 ms
[01:28:01] Starting 'reload'...
[01:28:01] Finished 'reload' after 7.86 ms
[01:28:11] Starting 'reload'...
[01:28:11] Finished 'reload' after 5.12 ms
[01:28:12] Starting 'reload'...
[01:28:12] Finished 'reload' after 6.42 ms
[01:28:13] Starting 'reload'...
[01:28:13] Finished 'reload' after 8.21 ms
[01:28:18] Starting 'reload'...
[01:28:18] Finished 'reload' after 9.51 ms
[01:28:29] Starting 'reload'...
[01:28:29] Finished 'reload' after 12 ms
[01:28:30] Starting 'reload'...
[01:28:30] Finished 'reload' after 6.89 ms
[01:28:45] Starting 'reload'...
[01:28:45] Finished 'reload' after 6.95 ms
[01:28:51] Starting 'reload'...
[01:28:51] Finished 'reload' after 10 ms
[01:28:53] Starting 'reload'...
[01:28:53] Finished 'reload' after 8.2 ms
[01:29:05] Starting 'reload'...
[01:29:05] Finished 'reload' after 15 ms
[01:29:06] Starting 'reload'...
[01:29:06] Finished 'reload' after 8.07 ms
[01:29:08] Starting 'reload'...
[01:29:08] Finished 'reload' after 9.44 ms
[01:29:10] Starting 'reload'...
[01:29:10] Finished 'reload' after 19 ms
[01:29:23] Starting 'reload'...
[01:29:23] Finished 'reload' after 6.53 ms
[01:29:31] Starting 'reload'...
[01:29:31] Finished 'reload' after 14 ms
[01:29:37] Starting 'reload'...
[01:29:37] Finished 'reload' after 8.75 ms
[01:29:43] Starting 'reload'...
[01:29:43] Finished 'reload' after 9.88 ms
[01:29:48] Starting 'reload'...
[01:29:48] Finished 'reload' after 9.17 ms
[01:29:54] Starting 'reload'...
[01:29:55] Finished 'reload' after 8.87 ms
[01:30:08] Starting 'reload'...
[01:30:08] Finished 'reload' after 9.39 ms
[01:30:10] Starting 'reload'...
[01:30:10] Finished 'reload' after 12 ms
[01:30:36] Starting 'reload'...
[01:30:36] Finished 'reload' after 6.25 ms
[01:30:42] Starting 'reload'...
[01:30:42] Finished 'reload' after 11 ms
[01:30:48] Starting 'reload'...
[01:30:48] Finished 'reload' after 9.18 ms
[01:30:50] Starting 'reload'...
[01:30:50] Finished 'reload' after 17 ms
[01:30:51] Starting 'reload'...
[01:30:51] Finished 'reload' after 8.85 ms
[01:30:54] Starting 'reload'...
[01:30:54] Finished 'reload' after 7.29 ms
[01:31:04] Starting 'reload'...
[01:31:04] Finished 'reload' after 8.26 ms
[01:31:07] Starting 'reload'...
[01:31:07] Finished 'reload' after 11 ms
[01:31:10] Starting 'reload'...
[01:31:10] Finished 'reload' after 6.19 ms
[01:31:12] Starting 'reload'...
[01:31:12] Finished 'reload' after 4.22 ms
[01:31:20] Starting 'reload'...
[01:31:20] Finished 'reload' after 9.37 ms
[01:31:39] Starting 'reload'...
[01:31:39] Finished 'reload' after 11 ms
[01:31:43] Starting 'reload'...
[01:31:43] Finished 'reload' after 16 ms
[01:31:47] Starting 'reload'...
[01:31:47] Finished 'reload' after 11 ms
[01:31:49] Starting 'reload'...
[01:31:49] Finished 'reload' after 13 ms
[01:31:50] Starting 'reload'...
[01:31:50] Finished 'reload' after 8.68 ms
[01:31:54] Starting 'reload'...
[01:31:54] Finished 'reload' after 12 ms
[01:31:59] Starting 'reload'...
[01:31:59] Finished 'reload' after 5.43 ms
[01:32:00] Starting 'reload'...
[01:32:00] Finished 'reload' after 7.74 ms
[01:32:02] Starting 'reload'...
[01:32:02] Finished 'reload' after 4.38 ms
[01:32:07] Starting 'reload'...
[01:32:07] Finished 'reload' after 9.48 ms
[01:32:21] Starting 'reload'...
[01:32:21] Finished 'reload' after 8.51 ms
[01:32:23] Starting 'reload'...
[01:32:23] Finished 'reload' after 9.12 ms
[01:32:25] Starting 'reload'...
[01:32:25] Finished 'reload' after 15 ms
[01:32:31] Starting 'reload'...
[01:32:32] Finished 'reload' after 9.19 ms
[01:32:33] Starting 'reload'...
[01:32:33] Finished 'reload' after 7.31 ms
[01:32:55] Starting 'reload'...
[01:32:55] Finished 'reload' after 5.21 ms
[01:33:03] Starting 'reload'...
[01:33:03] Finished 'reload' after 8.52 ms
[01:33:06] Starting 'reload'...
[01:33:06] Finished 'reload' after 9.5 ms
[01:33:08] Starting 'reload'...
[01:33:08] Finished 'reload' after 5.99 ms
[01:33:09] Starting 'reload'...
[01:33:09] Finished 'reload' after 6.47 ms
[01:33:16] Starting 'reload'...
[01:33:16] Finished 'reload' after 20 ms
[01:33:25] Starting 'reload'...
[01:33:25] Finished 'reload' after 11 ms
[01:33:28] Starting 'reload'...
[01:33:28] Finished 'reload' after 11 ms
[01:33:45] Starting 'reload'...
[01:33:45] Finished 'reload' after 7.01 ms
[01:34:07] Starting 'reload'...
[01:34:07] Finished 'reload' after 11 ms
[01:34:10] Starting 'reload'...
[01:34:10] Finished 'reload' after 14 ms
[01:34:15] Starting 'reload'...
[01:34:15] Finished 'reload' after 6.81 ms
[01:34:18] Starting 'reload'...
[01:34:18] Finished 'reload' after 9.94 ms
[01:34:23] Starting 'reload'...
[01:34:23] Finished 'reload' after 4.82 ms
[01:34:25] Starting 'reload'...
[01:34:25] Finished 'reload' after 11 ms
[01:34:42] Starting 'reload'...
[01:34:42] Finished 'reload' after 12 ms
[01:34:44] Starting 'reload'...
[01:34:44] Finished 'reload' after 11 ms
[01:34:46] Starting 'reload'...
[01:34:46] Finished 'reload' after 12 ms
[01:34:47] Starting 'reload'...
[01:34:47] Finished 'reload' after 11 ms
[01:34:49] Starting 'reload'...
[01:34:49] Finished 'reload' after 6.52 ms
[01:34:50] Starting 'reload'...
[01:34:50] Finished 'reload' after 8.17 ms
[01:34:58] Starting 'reload'...
[01:34:58] Finished 'reload' after 10 ms
[01:34:59] Starting 'reload'...
[01:34:59] Finished 'reload' after 11 ms
[01:35:13] Starting 'reload'...
[01:35:13] Finished 'reload' after 7.04 ms
[01:35:17] Starting 'reload'...
[01:35:17] Finished 'reload' after 12 ms
[01:35:31] Starting 'reload'...
[01:35:31] Finished 'reload' after 9.14 ms
[01:35:34] Starting 'reload'...
[01:35:34] Finished 'reload' after 15 ms
[01:36:08] Starting 'reload'...
[01:36:08] Finished 'reload' after 16 ms
[01:36:09] Starting 'reload'...
[01:36:09] Finished 'reload' after 11 ms
[01:36:11] Starting 'reload'...
[01:36:11] Finished 'reload' after 16 ms
[01:36:13] Starting 'reload'...
[01:36:13] Finished 'reload' after 11 ms
[01:36:16] Starting 'reload'...
[01:36:16] Finished 'reload' after 4.61 ms
[01:36:20] Starting 'reload'...
[01:36:20] Finished 'reload' after 6.93 ms
[01:38:18] Starting 'reload'...
[01:38:18] Finished 'reload' after 9.3 ms
[01:38:25] Starting 'reload'...
[01:38:25] Finished 'reload' after 5.68 ms
[01:38:33] Starting 'reload'...
[01:38:33] Finished 'reload' after 12 ms
[01:38:34] Starting 'reload'...
[01:38:34] Finished 'reload' after 8.12 ms
[01:39:01] Starting 'reload'...
[01:39:01] Finished 'reload' after 8.36 ms
[01:39:09] Starting 'reload'...
[01:39:09] Finished 'reload' after 13 ms
[01:39:10] Starting 'reload'...
[01:39:10] Finished 'reload' after 9.85 ms
[01:39:24] Starting 'reload'...
[01:39:24] Finished 'reload' after 10 ms
[01:39:27] Starting 'reload'...
[01:39:27] Finished 'reload' after 16 ms
[01:39:30] Starting 'reload'...
[01:39:30] Finished 'reload' after 8.53 ms
[01:39:31] Starting 'reload'...
[01:39:31] Finished 'reload' after 9.29 ms
[01:39:33] Starting 'reload'...
[01:39:33] Finished 'reload' after 5.15 ms
[01:39:37] Starting 'reload'...
[01:39:37] Finished 'reload' after 7.17 ms
[01:39:40] Starting 'reload'...
[01:39:40] Finished 'reload' after 9.95 ms
[01:39:43] Starting 'reload'...
[01:39:43] Finished 'reload' after 7.22 ms
[01:39:51] Starting 'reload'...
[01:39:51] Finished 'reload' after 14 ms
[01:39:54] Starting 'reload'...
[01:39:54] Finished 'reload' after 7.33 ms
[01:40:00] Starting 'reload'...
[01:40:00] Finished 'reload' after 6.46 ms
[01:40:03] Starting 'reload'...
[01:40:03] Finished 'reload' after 14 ms
[01:40:05] Starting 'reload'...
[01:40:05] Finished 'reload' after 11 ms
[01:40:06] Starting 'reload'...
[01:40:06] Finished 'reload' after 12 ms
[01:40:07] Starting 'reload'...
[01:40:07] Finished 'reload' after 8 ms
[01:40:16] Starting 'reload'...
[01:40:16] Finished 'reload' after 9.62 ms
[01:40:55] Starting 'reload'...
[01:40:55] Finished 'reload' after 13 ms
[01:40:57] Starting 'reload'...
[01:40:57] Finished 'reload' after 5.21 ms
[01:41:01] Starting 'reload'...
[01:41:01] Finished 'reload' after 5.31 ms
[01:41:07] Starting 'reload'...
[01:41:07] Finished 'reload' after 8.91 ms
[01:41:11] Starting 'reload'...
[01:41:11] Finished 'reload' after 6.24 ms
[01:41:22] Starting 'reload'...
[01:41:22] Finished 'reload' after 12 ms
[01:41:25] Starting 'reload'...
[01:41:25] Finished 'reload' after 11 ms
[01:41:38] Starting 'reload'...
[01:41:38] Finished 'reload' after 12 ms
[01:41:41] Starting 'reload'...
[01:41:41] Finished 'reload' after 9.78 ms
[01:41:45] Starting 'reload'...
[01:41:45] Finished 'reload' after 9.42 ms
[01:41:52] Starting 'reload'...
[01:41:52] Finished 'reload' after 12 ms
[01:42:05] Starting 'reload'...
[01:42:05] Finished 'reload' after 12 ms
[01:42:06] Starting 'reload'...
[01:42:06] Finished 'reload' after 7.84 ms
[01:42:15] Starting 'reload'...
[01:42:15] Finished 'reload' after 11 ms
[01:42:17] Starting 'reload'...
[01:42:17] Finished 'reload' after 12 ms
[01:42:22] Starting 'reload'...
[01:42:22] Finished 'reload' after 9.17 ms
[01:42:23] Starting 'reload'...
[01:42:23] Finished 'reload' after 9.11 ms
[01:42:29] Starting 'reload'...
[01:42:29] Finished 'reload' after 4.91 ms
[01:42:34] Starting 'reload'...
[01:42:34] Finished 'reload' after 13 ms
[01:42:35] Starting 'reload'...
[01:42:35] Finished 'reload' after 10 ms
[01:45:12] Starting 'reload'...
[01:45:12] Finished 'reload' after 12 ms
[01:45:19] Starting 'reload'...
[01:45:19] Finished 'reload' after 19 ms
[01:45:24] Starting 'reload'...
[01:45:24] Finished 'reload' after 9.01 ms
[01:45:25] Starting 'reload'...
[01:45:25] Finished 'reload' after 12 ms
[01:45:27] Starting 'reload'...
[01:45:27] Finished 'reload' after 11 ms
[01:45:29] Starting 'reload'...
[01:45:29] Finished 'reload' after 8.43 ms
[01:45:31] Starting 'reload'...
[01:45:31] Finished 'reload' after 6.92 ms
[01:45:32] Starting 'reload'...
[01:45:32] Finished 'reload' after 8.82 ms
[01:45:34] Starting 'reload'...
[01:45:34] Finished 'reload' after 7.6 ms
[01:45:36] Starting 'reload'...
[01:45:36] Finished 'reload' after 12 ms
[01:45:38] Starting 'reload'...
[01:45:38] Finished 'reload' after 9.24 ms
[01:45:44] Starting 'reload'...
[01:45:44] Finished 'reload' after 11 ms
[01:45:55] Starting 'reload'...
[01:45:55] Finished 'reload' after 7.77 ms
[01:45:56] Starting 'reload'...
[01:45:56] Finished 'reload' after 16 ms
[01:46:04] Starting 'reload'...
[01:46:04] Finished 'reload' after 12 ms
[01:46:10] Starting 'reload'...
[01:46:10] Finished 'reload' after 5.05 ms
[01:46:19] Starting 'reload'...
[01:46:19] Finished 'reload' after 6.1 ms
[01:46:20] Starting 'reload'...
[01:46:20] Finished 'reload' after 11 ms
[01:46:25] Starting 'reload'...
[01:46:25] Finished 'reload' after 11 ms
[01:46:28] Starting 'reload'...
[01:46:28] Finished 'reload' after 13 ms
[01:46:36] Starting 'reload'...
[01:46:36] Finished 'reload' after 10 ms
[01:46:49] Starting 'reload'...
[01:46:49] Finished 'reload' after 12 ms
[01:47:00] Starting 'reload'...
[01:47:00] Finished 'reload' after 15 ms
[01:47:03] Starting 'reload'...
[01:47:03] Finished 'reload' after 9.73 ms
[01:47:08] Starting 'reload'...
[01:47:08] Finished 'reload' after 6.99 ms
[01:47:12] Starting 'reload'...
[01:47:12] Finished 'reload' after 3.91 ms
[01:47:13] Starting 'reload'...
[01:47:13] Finished 'reload' after 9.27 ms
[01:47:14] Starting 'reload'...
[01:47:14] Finished 'reload' after 5.89 ms
[01:47:29] Starting 'reload'...
[01:47:29] Finished 'reload' after 11 ms
[01:47:47] Starting 'reload'...
[01:47:47] Finished 'reload' after 5.78 ms
[01:47:48] Starting 'reload'...
[01:47:48] Finished 'reload' after 11 ms
[01:47:50] Starting 'reload'...
[01:47:50] Finished 'reload' after 9.56 ms
[01:47:53] Starting 'reload'...
[01:47:53] Finished 'reload' after 7.53 ms
[01:47:54] Starting 'reload'...
[01:47:54] Finished 'reload' after 7.94 ms
[01:48:07] Starting 'reload'...
[01:48:07] Finished 'reload' after 9.97 ms
[01:48:16] Starting 'reload'...
[01:48:16] Finished 'reload' after 7.11 ms
[01:48:21] Starting 'reload'...
[01:48:21] Finished 'reload' after 15 ms
[01:48:22] Starting 'reload'...
[01:48:22] Finished 'reload' after 9.59 ms
[01:48:23] Starting 'reload'...
[01:48:23] Finished 'reload' after 8.4 ms
[01:48:50] Starting 'reload'...
[01:48:50] Finished 'reload' after 13 ms
[01:49:00] Starting 'reload'...
[01:49:00] Finished 'reload' after 16 ms
[01:49:15] Starting 'reload'...
[01:49:15] Finished 'reload' after 11 ms
[01:49:27] Starting 'reload'...
[01:49:27] Finished 'reload' after 11 ms
[01:49:32] Starting 'reload'...
[01:49:32] Finished 'reload' after 9.41 ms
[01:49:36] Starting 'reload'...
[01:49:36] Finished 'reload' after 7.2 ms
[01:49:42] Starting 'reload'...
[01:49:42] Finished 'reload' after 8.75 ms
[01:49:45] Starting 'reload'...
[01:49:45] Finished 'reload' after 7.22 ms
[01:51:43] Starting 'reload'...
[01:51:43] Finished 'reload' after 13 ms
[01:51:44] Starting 'reload'...
[01:51:44] Finished 'reload' after 7.52 ms
[01:51:46] Starting 'reload'...
[01:51:46] Finished 'reload' after 7.9 ms
[01:51:49] Starting 'reload'...
[01:51:49] Finished 'reload' after 8.75 ms
[01:51:55] Starting 'reload'...
[01:51:55] Finished 'reload' after 15 ms
[01:51:59] Starting 'reload'...
[01:51:59] Finished 'reload' after 5.26 ms
[01:52:03] Starting 'reload'...
[01:52:03] Finished 'reload' after 11 ms
[01:52:05] Starting 'reload'...
[01:52:05] Finished 'reload' after 5.11 ms
[01:52:25] Starting 'reload'...
[01:52:25] Finished 'reload' after 12 ms
[01:52:27] Starting 'reload'...
[01:52:27] Finished 'reload' after 10 ms
[01:52:37] Starting 'reload'...
[01:52:37] Finished 'reload' after 14 ms
[01:52:40] Starting 'reload'...
[01:52:40] Finished 'reload' after 12 ms
[01:52:46] Starting 'reload'...
[01:52:46] Finished 'reload' after 9.18 ms
[01:52:51] Starting 'reload'...
[01:52:51] Finished 'reload' after 6.28 ms
[01:52:53] Starting 'reload'...
[01:52:53] Finished 'reload' after 11 ms
[01:52:54] Starting 'reload'...
[01:52:54] Finished 'reload' after 9.45 ms
[01:52:56] Starting 'reload'...
[01:52:56] Finished 'reload' after 6.62 ms
[01:53:05] Starting 'reload'...
[01:53:05] Finished 'reload' after 4.5 ms
[01:53:11] Starting 'reload'...
[01:53:11] Finished 'reload' after 11 ms
[01:53:15] Starting 'reload'...
[01:53:15] Finished 'reload' after 8.98 ms
[01:53:21] Starting 'reload'...
[01:53:21] Finished 'reload' after 11 ms
[01:53:24] Starting 'reload'...
[01:53:24] Finished 'reload' after 8.15 ms
[01:53:27] Starting 'reload'...
[01:53:27] Finished 'reload' after 24 ms
[01:53:28] Starting 'reload'...
[01:53:28] Finished 'reload' after 9.5 ms
[01:53:36] Starting 'reload'...
[01:53:36] Finished 'reload' after 10 ms
[01:53:38] Starting 'reload'...
[01:53:38] Finished 'reload' after 8.3 ms
[01:53:42] Starting 'reload'...
[01:53:42] Finished 'reload' after 9.25 ms
[01:53:43] Starting 'reload'...
[01:53:43] Finished 'reload' after 6.61 ms
[01:54:01] Starting 'reload'...
[01:54:01] Finished 'reload' after 7.59 ms
[01:54:11] Starting 'reload'...
[01:54:11] Finished 'reload' after 7.25 ms
[01:54:32] Starting 'reload'...
[01:54:32] Finished 'reload' after 10 ms
[01:55:18] Starting 'reload'...
[01:55:18] Finished 'reload' after 8.25 ms
[01:55:20] Starting 'reload'...
[01:55:20] Finished 'reload' after 9.97 ms
[01:55:28] Starting 'reload'...
[01:55:28] Finished 'reload' after 13 ms
[01:55:34] Starting 'reload'...
[01:55:34] Finished 'reload' after 12 ms
[01:55:37] Starting 'reload'...
[01:55:37] Finished 'reload' after 11 ms
[01:55:43] Starting 'reload'...
[01:55:43] Finished 'reload' after 12 ms
[01:55:45] Starting 'reload'...
[01:55:45] Finished 'reload' after 11 ms
[01:56:05] Starting 'reload'...
[01:56:05] Finished 'reload' after 9.71 ms
[01:56:06] Starting 'reload'...
[01:56:07] Finished 'reload' after 16 ms
[01:56:09] Starting 'reload'...
[01:56:09] Finished 'reload' after 9.99 ms
[01:56:12] Starting 'reload'...
[01:56:12] Finished 'reload' after 11 ms
[01:56:19] Starting 'reload'...
[01:56:19] Finished 'reload' after 12 ms
[01:56:35] Starting 'reload'...
[01:56:35] Finished 'reload' after 7.8 ms
[01:56:37] Starting 'reload'...
[01:56:37] Finished 'reload' after 13 ms
[01:56:39] Starting 'reload'...
[01:56:39] Finished 'reload' after 8.09 ms
[01:56:41] Starting 'reload'...
[01:56:41] Finished 'reload' after 12 ms
[01:56:45] Starting 'reload'...
[01:56:45] Finished 'reload' after 5.68 ms
[01:56:46] Starting 'reload'...
[01:56:46] Finished 'reload' after 6.39 ms
[01:56:52] Starting 'reload'...
[01:56:52] Finished 'reload' after 7.5 ms
[01:56:59] Starting 'reload'...
[01:56:59] Finished 'reload' after 5.32 ms
[01:57:03] Starting 'reload'...
[01:57:03] Finished 'reload' after 3.81 ms
[01:57:04] Starting 'reload'...
[01:57:04] Finished 'reload' after 8.82 ms
[01:57:05] Starting 'reload'...
[01:57:05] Finished 'reload' after 6.14 ms
[01:57:14] Starting 'reload'...
[01:57:14] Finished 'reload' after 14 ms
[01:57:17] Starting 'reload'...
[01:57:17] Finished 'reload' after 3.98 ms
[01:57:29] Starting 'reload'...
[01:57:29] Finished 'reload' after 6.22 ms
[01:57:38] Starting 'reload'...
[01:57:38] Finished 'reload' after 8.18 ms
[01:57:46] Starting 'reload'...
[01:57:46] Finished 'reload' after 8.14 ms
[01:57:47] Starting 'reload'...
[01:57:47] Finished 'reload' after 11 ms
